<?xml version="1.0" encoding="UTF-8"?>
<testsuite xmlns:xsi="http://www.w3.org/2001/XMLSchema-instance" xsi:noNamespaceSchemaLocation="https://maven.apache.org/surefire/maven-surefire-plugin/xsd/surefire-test-report.xsd" version="3.0.1" name="com.etapa1.validadorDatosTest" time="0.068" tests="1" errors="0" skipped="0" failures="0">
  <properties>
[...]
</properties>
  <testcase name="testProcesarLineas" classname="com.etapa1.validadorDatosTest" time="0.013">
    <system-out><![CDATA[Linea invalida: invalido,abc
Linea invalida: lineaInvalida
]]></system-out>
  </testcase>
</testsuite>